Απρ 06, 2023 8:47:03 Μ.Μ. gr.aueb.cf.schoolapp.rest.TeacherRestController updateTeacher
WARNING: Συμπληρώστε όλα τα πεδία.
Απρ 06, 2023 8:47:28 Μ.Μ. gr.aueb.cf.schoolapp.rest.TeacherRestController updateTeacher
WARNING: Συμπληρώστε όλα τα πεδία.
Απρ 06, 2023 8:47:59 Μ.Μ. gr.aueb.cf.schoolapp.rest.TeacherRestController updateTeacher
WARNING: Συμπληρώστε όλα τα πεδία.
Απρ 06, 2023 8:48:46 Μ.Μ. gr.aueb.cf.schoolapp.rest.TeacherRestController updateTeacher
WARNING: Συμπληρώστε όλα τα πεδία.
Απρ 06, 2023 8:50:06 Μ.Μ. gr.aueb.cf.schoolapp.rest.TeacherRestController addTeacher
WARNING: Συμπληρώστε όλα τα πεδία.
Απρ 06, 2023 8:50:40 Μ.Μ. gr.aueb.cf.schoolapp.rest.TeacherRestController addTeacher
WARNING: Συμπληρώστε όλα τα πεδία.
Απρ 06, 2023 8:50:53 Μ.Μ. gr.aueb.cf.schoolapp.rest.TeacherRestController addTeacher
WARNING: Συμπληρώστε όλα τα πεδία.
Απρ 06, 2023 8:52:03 Μ.Μ. gr.aueb.cf.schoolapp.rest.TeacherRestController updateTeacher
WARNING: Συμπληρώστε όλα τα πεδία.
Απρ 06, 2023 8:52:20 Μ.Μ. gr.aueb.cf.schoolapp.rest.TeacherRestController updateTeacher
WARNING: Συμπληρώστε όλα τα πεδία.
Απρ 06, 2023 8:52:32 Μ.Μ. gr.aueb.cf.schoolapp.rest.TeacherRestController updateTeacher
WARNING: Συμπληρώστε όλα τα πεδία.
Απρ 06, 2023 8:53:17 Μ.Μ. gr.aueb.cf.schoolapp.rest.TeacherRestController addTeacher
WARNING: Συμπληρώστε όλα τα πεδία.
Απρ 06, 2023 8:53:41 Μ.Μ. gr.aueb.cf.schoolapp.rest.TeacherRestController addTeacher
WARNING: Συμπληρώστε όλα τα πεδία.
Απρ 06, 2023 8:54:55 Μ.Μ. gr.aueb.cf.schoolapp.rest.TeacherRestController addTeacher
WARNING: Συμπληρώστε όλα τα πεδία.
Απρ 06, 2023 8:55:23 Μ.Μ. gr.aueb.cf.schoolapp.rest.TeacherRestController addTeacher
WARNING: Συμπληρώστε όλα τα πεδία.
Απρ 07, 2023 3:33:24 Μ.Μ. gr.aueb.cf.schoolapp.rest.TeacherRestController updateTeacher
WARNING: Συμπληρώστε όλα τα πεδία.
Απρ 07, 2023 3:37:37 Μ.Μ. gr.aueb.cf.schoolapp.rest.TeacherRestController updateTeacher
WARNING: Συμπληρώστε όλα τα πεδία.
Απρ 07, 2023 3:39:35 Μ.Μ. gr.aueb.cf.schoolapp.rest.TeacherRestController updateTeacher
WARNING: Συμπληρώστε όλα τα πεδία.
Απρ 07, 2023 3:40:59 Μ.Μ. gr.aueb.cf.schoolapp.rest.TeacherRestController getTeachersByLastname
WARNING: Entity Teacher with id 0 does not exist
Απρ 07, 2023 3:43:28 Μ.Μ. gr.aueb.cf.schoolapp.rest.TeacherRestController updateTeacher
WARNING: Συμπληρώστε όλα τα πεδία.
Απρ 07, 2023 3:44:55 Μ.Μ. gr.aueb.cf.schoolapp.rest.TeacherRestController updateTeacher
WARNING: Συμπληρώστε όλα τα πεδία.
Απρ 07, 2023 3:47:18 Μ.Μ. gr.aueb.cf.schoolapp.rest.TeacherRestController updateTeacher
WARNING: Συμπληρώστε το πεδίο Όνομα.
Απρ 07, 2023 4:04:22 Μ.Μ. gr.aueb.cf.schoolapp.rest.TeacherRestController getTeachersByLastname
WARNING: Entity Teacher with id 0 does not exist
Απρ 07, 2023 6:44:17 Μ.Μ. gr.aueb.cf.schoolapp.rest.TeacherRestController getTeachersByLastname
WARNING: Entity Teacher with id 0 does not exist
Απρ 07, 2023 6:44:32 Μ.Μ. gr.aueb.cf.schoolapp.rest.TeacherRestController getTeacher
WARNING: Entity Teacher with id 0 does not exist
Απρ 07, 2023 6:44:42 Μ.Μ. gr.aueb.cf.schoolapp.rest.TeacherRestController getTeacher
WARNING: Entity Teacher with id 0 does not exist
Απρ 15, 2023 11:36:25 Π.Μ. gr.aueb.cf.schoolapp.rest.TeacherRestController getTeacher
WARNING: Entity Teacher with id 0 does not exist
Απρ 15, 2023 11:36:35 Π.Μ. gr.aueb.cf.schoolapp.rest.TeacherRestController getTeacher
WARNING: Entity Teacher with id 0 does not exist
Απρ 15, 2023 11:36:47 Π.Μ. gr.aueb.cf.schoolapp.rest.TeacherRestController getTeacher
WARNING: Entity Teacher with id 0 does not exist
Απρ 15, 2023 11:38:19 Π.Μ. gr.aueb.cf.schoolapp.rest.TeacherRestController getTeacher
WARNING: Entity Teacher with id 0 does not exist
Απρ 15, 2023 11:41:06 Π.Μ. gr.aueb.cf.schoolapp.rest.TeacherRestController getTeachersByLastname
WARNING: Entity Teacher with id 0 does not exist
Απρ 15, 2023 12:24:00 Μ.Μ. gr.aueb.cf.schoolapp.rest.TeacherRestController getTeachersByLastname
WARNING: Entity Teacher with id 0 does not exist
Απρ 15, 2023 12:30:39 Μ.Μ. gr.aueb.cf.schoolapp.rest.TeacherRestController getTeachersByLastname
WARNING: Entity Teacher with id 0 does not exist
Απρ 15, 2023 12:41:02 Μ.Μ. gr.aueb.cf.schoolapp.rest.TeacherRestController getTeacher
WARNING: Entity Teacher with id 0 does not exist
Απρ 15, 2023 12:42:00 Μ.Μ. gr.aueb.cf.schoolapp.rest.TeacherRestController getTeacher
WARNING: Entity Teacher with id 0 does not exist
Απρ 15, 2023 12:42:24 Μ.Μ. gr.aueb.cf.schoolapp.rest.TeacherRestController getTeacher
WARNING: Entity Teacher with id 0 does not exist
Απρ 15, 2023 12:42:27 Μ.Μ. gr.aueb.cf.schoolapp.rest.TeacherRestController getTeacher
WARNING: Entity Teacher with id 0 does not exist
Απρ 15, 2023 12:44:41 Μ.Μ. gr.aueb.cf.schoolapp.rest.TeacherRestController getTeacher
WARNING: Entity Teacher with id 0 does not exist
Απρ 15, 2023 12:46:17 Μ.Μ. gr.aueb.cf.schoolapp.rest.TeacherRestController getTeachersByLastname
WARNING: Entity Teacher with id 0 does not exist
Απρ 15, 2023 12:59:32 Μ.Μ. gr.aueb.cf.schoolapp.rest.TeacherRestController getTeacher
WARNING: Entity Teacher with id 0 does not exist
Απρ 15, 2023 1:00:53 Μ.Μ. gr.aueb.cf.schoolapp.rest.TeacherRestController getTeacher
WARNING: Entity Teacher with id 0 does not exist
Απρ 15, 2023 1:02:59 Μ.Μ. gr.aueb.cf.schoolapp.rest.TeacherRestController getTeacher
WARNING: Entity Teacher with id 0 does not exist
Απρ 15, 2023 1:09:26 Μ.Μ. gr.aueb.cf.schoolapp.rest.TeacherRestController getTeacher
WARNING: Entity Teacher with id 0 does not exist
Απρ 19, 2023 3:22:32 Μ.Μ. gr.aueb.cf.schoolapp.rest.TeacherRestController deleteTeacher
INFO: teacher with id 13Deleted
Απρ 23, 2023 7:54:16 Μ.Μ. gr.aueb.cf.schoolapp.rest.TeacherRestController getTeacher
WARNING: Entity Teacher with id 0 does not exist
Απρ 23, 2023 8:04:29 Μ.Μ. gr.aueb.cf.schoolapp.rest.TeacherRestController getTeacher
WARNING: Entity Teacher with id 0 does not exist
Απρ 23, 2023 8:04:35 Μ.Μ. gr.aueb.cf.schoolapp.rest.TeacherRestController getTeacher
WARNING: Entity Teacher with id 0 does not exist
Απρ 23, 2023 8:04:38 Μ.Μ. gr.aueb.cf.schoolapp.rest.TeacherRestController getTeacher
WARNING: Entity Teacher with id 0 does not exist
Απρ 23, 2023 8:04:41 Μ.Μ. gr.aueb.cf.schoolapp.rest.TeacherRestController getTeacher
WARNING: Entity Teacher with id 0 does not exist
Απρ 23, 2023 8:04:43 Μ.Μ. gr.aueb.cf.schoolapp.rest.TeacherRestController getTeacher
WARNING: Entity Teacher with id 0 does not exist
Απρ 23, 2023 8:04:48 Μ.Μ. gr.aueb.cf.schoolapp.rest.TeacherRestController getTeacher
WARNING: Entity Teacher with id 0 does not exist
Απρ 23, 2023 8:04:57 Μ.Μ. gr.aueb.cf.schoolapp.rest.TeacherRestController getTeacher
WARNING: Entity Teacher with id 0 does not exist
Απρ 23, 2023 8:04:59 Μ.Μ. gr.aueb.cf.schoolapp.rest.TeacherRestController getTeacher
WARNING: Entity Teacher with id 0 does not exist
